<?xml version="1.0" encoding="utf-8"?><testsuite errors="0" failures="0" name="pytest" skips="0" tests="203" time="40.078"><testcase classname="local.lib.python2.7.site-packages.filer.tests.__init__.FilerFolderAdminUrlsTests" name="test_filer_app_index_get" time="0.147197008133"><system-out>Creating test database for alias &apos;default&apos;...
</system-out></testcase><testcase classname="local.lib.python2.7.site-packages.filer.tests.__init__.FilerFolderAdminUrlsTests" name="test_filer_directory_listing_root_empty_get" time="0.26117515564"/><testcase classname="local.lib.python2.7.site-packages.filer.tests.__init__.FilerFolderAdminUrlsTests" name="test_filer_directory_listing_root_get" time="0.195514917374"/><testcase classname="local.lib.python2.7.site-packages.filer.tests.__init__.FilerFolderAdminUrlsTests" name="test_filer_make_root_folder_get" time="0.111801147461"/><testcase classname="local.lib.python2.7.site-packages.filer.tests.__init__.FilerFolderAdminUrlsTests" name="test_filer_make_root_folder_post" time="0.12459397316"/><testcase classname="local.lib.python2.7.site-packages.filer.tests.__init__.FilerFolderAdminUrlsTests" name="test_validate_no_duplcate_folders" time="0.156733989716"/><testcase classname="local.lib.python2.7.site-packages.filer.tests.__init__.FilerFolderAdminUrlsTests" name="test_validate_no_duplcate_folders_on_rename" time="0.201963186264"/><testcase classname="local.lib.python2.7.site-packages.filer.tests.__init__.FilerClipboardAdminUrlsTests" name="test_file_upload_no_duplicate_files" time="0.173486948013"/><testcase classname="local.lib.python2.7.site-packages.filer.tests.__init__.FilerClipboardAdminUrlsTests" name="test_filer_ajax_upload_file" time="0.148703813553"/><testcase classname="local.lib.python2.7.site-packages.filer.tests.__init__.FilerClipboardAdminUrlsTests" name="test_filer_upload_file" time="0.148720026016"/><testcase classname="local.lib.python2.7.site-packages.filer.tests.__init__.FilerClipboardAdminUrlsTests" name="test_filer_upload_image_no_extension" time="0.18284702301"/><testcase classname="local.lib.python2.7.site-packages.filer.tests.__init__.FilerClipboardAdminUrlsTests" name="test_paste_from_clipboard_no_duplicate_files" time="0.240346908569"/><testcase classname="local.lib.python2.7.site-packages.filer.tests.__init__.FilerBulkOperationsTests" name="test_copy_files_and_folders_action" time="0.251528024673"/><testcase classname="local.lib.python2.7.site-packages.filer.tests.__init__.FilerBulkOperationsTests" name="test_copy_recursion_error" time="0.286166906357"/><testcase classname="local.lib.python2.7.site-packages.filer.tests.__init__.FilerBulkOperationsTests" name="test_files_set_private_action" time="0.210379123688"/><testcase classname="local.lib.python2.7.site-packages.filer.tests.__init__.FilerBulkOperationsTests" name="test_files_set_public_action" time="0.208717107773"/><testcase classname="local.lib.python2.7.site-packages.filer.tests.__init__.FilerBulkOperationsTests" name="test_move_files_and_folders_action" time="0.290067911148"/><testcase classname="local.lib.python2.7.site-packages.filer.tests.__init__.FilerBulkOperationsTests" name="test_move_to_clipboard_action" time="0.261590957642"/><testcase classname="local.lib.python2.7.site-packages.filer.tests.__init__.FilerBulkOperationsTests" name="test_validate_no_duplicate_folders_on_move" time="0.259777069092"/><testcase classname="local.lib.python2.7.site-packages.filer.tests.__init__.FilerDeleteOperationTests" name="test_delete_files_or_folders_action" time="0.264576196671"/><testcase classname="local.lib.python2.7.site-packages.filer.tests.__init__.FilerDeleteOperationTests" name="test_delete_files_or_folders_action_with_mixed_types" time="0.318868160248"/><testcase classname="local.lib.python2.7.site-packages.filer.tests.__init__.FilerResizeOperationTests" name="test_resize_images_action" time="0.207350969315"/><testcase classname="local.lib.python2.7.site-packages.filer.tests.__init__.TestFolderTypePermissionForSuperUser" name="test_add_core_folder" time="0.103657007217"/><testcase classname="local.lib.python2.7.site-packages.filer.tests.__init__.TestFolderTypePermissionForSuperUser" name="test_add_root_folder" time="0.132962942123"/><testcase classname="local.lib.python2.7.site-packages.filer.tests.__init__.TestFolderTypePermissionForSuperUser" name="test_change_child_site_folder" time="0.141146183014"/><testcase classname="local.lib.python2.7.site-packages.filer.tests.__init__.TestFolderTypePermissionForSuperUser" name="test_change_core_folder" time="0.103718996048"/><testcase classname="local.lib.python2.7.site-packages.filer.tests.__init__.TestFolderTypePermissionForSuperUser" name="test_change_root_core_folder" time="0.0995650291443"/><testcase classname="local.lib.python2.7.site-packages.filer.tests.__init__.TestFolderTypePermissionForSuperUser" name="test_change_root_site_folder" time="0.155212879181"/><testcase classname="local.lib.python2.7.site-packages.filer.tests.__init__.TestFolderTypePermissionForSuperUser" name="test_copy_destination_filters_core_folders" time="0.12853717804"/><testcase classname="local.lib.python2.7.site-packages.filer.tests.__init__.TestFolderTypePermissionForSuperUser" name="test_copy_site_folder_to_core_destination_folder" time="0.123289823532"/><testcase classname="local.lib.python2.7.site-packages.filer.tests.__init__.TestFolderTypePermissionForSuperUser" name="test_default_add_view_is_forbidden" time="0.0951600074768"/><testcase classname="local.lib.python2.7.site-packages.filer.tests.__init__.TestFolderTypePermissionForSuperUser" name="test_delete_child_core_folder" time="0.162943124771"/><testcase classname="local.lib.python2.7.site-packages.filer.tests.__init__.TestFolderTypePermissionForSuperUser" name="test_delete_child_site_folder" time="0.147324085236"/><testcase classname="local.lib.python2.7.site-packages.filer.tests.__init__.TestFolderTypePermissionForSuperUser" name="test_delete_root_core_folder" time="0.111345052719"/><testcase classname="local.lib.python2.7.site-packages.filer.tests.__init__.TestFolderTypePermissionForSuperUser" name="test_delete_root_site_folder" time="0.128901958466"/><testcase classname="local.lib.python2.7.site-packages.filer.tests.__init__.TestFolderTypePermissionForSuperUser" name="test_destination_no_site_on_move" time="0.12468290329"/><testcase classname="local.lib.python2.7.site-packages.filer.tests.__init__.TestFolderTypePermissionForSuperUser" name="test_extract_files_in_core_folder" time="0.143224000931"/><testcase classname="local.lib.python2.7.site-packages.filer.tests.__init__.TestFolderTypePermissionForSuperUser" name="test_extract_files_in_site_folder" time="0.165215969086"/><testcase classname="local.lib.python2.7.site-packages.filer.tests.__init__.TestFolderTypePermissionForSuperUser" name="test_extract_in_unfiled_folder" time="0.138928890228"/><testcase classname="local.lib.python2.7.site-packages.filer.tests.__init__.TestFolderTypePermissionForSuperUser" name="test_file_from_core_folder_is_unchangeable" time="0.117594957352"/><testcase classname="local.lib.python2.7.site-packages.filer.tests.__init__.TestFolderTypePermissionForSuperUser" name="test_file_from_site_folder_is_changeable" time="0.121654033661"/><testcase classname="local.lib.python2.7.site-packages.filer.tests.__init__.TestFolderTypePermissionForSuperUser" name="test_message_error_move_root_folder" time="0.186650037766"/><testcase classname="local.lib.python2.7.site-packages.filer.tests.__init__.TestFolderTypePermissionForSuperUser" name="test_message_error_user_no_site_on_move" time="0.173491001129"/><testcase classname="local.lib.python2.7.site-packages.filer.tests.__init__.TestFolderTypePermissionForSuperUser" name="test_message_error_user_sites_mismatch_on_move" time="0.176363945007"/><testcase classname="local.lib.python2.7.site-packages.filer.tests.__init__.TestFolderTypePermissionForSuperUser" name="test_move_core_folders" time="0.155288934708"/><testcase classname="local.lib.python2.7.site-packages.filer.tests.__init__.TestFolderTypePermissionForSuperUser" name="test_move_destination_filters_core_folders" time="0.128957033157"/><testcase classname="local.lib.python2.7.site-packages.filer.tests.__init__.TestFolderTypePermissionForSuperUser" name="test_move_from_clipboard_to_core_folders" time="0.102029085159"/><testcase classname="local.lib.python2.7.site-packages.filer.tests.__init__.TestFolderTypePermissionForSuperUser" name="test_move_from_clipboard_to_root" time="0.101720809937"/><testcase classname="local.lib.python2.7.site-packages.filer.tests.__init__.TestFolderTypePermissionForSuperUser" name="test_move_from_clipboard_to_site_folders" time="0.110373020172"/><testcase classname="local.lib.python2.7.site-packages.filer.tests.__init__.TestFolderTypePermissionForSuperUser" name="test_move_from_unfiled" time="0.122141838074"/><testcase classname="local.lib.python2.7.site-packages.filer.tests.__init__.TestFolderTypePermissionForSuperUser" name="test_move_site_folder_to_core_destination_folder" time="0.13360285759"/><testcase classname="local.lib.python2.7.site-packages.filer.tests.__init__.TestFolderTypePermissionForSuperUser" name="test_move_to_clipboard_from_core_folders" time="0.162744045258"/><testcase classname="local.lib.python2.7.site-packages.filer.tests.__init__.TestFolderTypePermissionForSuperUser" name="test_move_to_clipboard_from_root" time="0.124015808105"/><testcase classname="local.lib.python2.7.site-packages.filer.tests.__init__.TestFolderTypePermissionForSuperUser" name="test_move_to_clipboard_from_site_folders" time="0.144097089767"/><testcase classname="local.lib.python2.7.site-packages.filer.tests.__init__.TestFolderTypePermissionLayerForRegularUser" name="test_add_core_folder" time="0.127481937408"/><testcase classname="local.lib.python2.7.site-packages.filer.tests.__init__.TestFolderTypePermissionLayerForRegularUser" name="test_add_root_folder" time="0.128395080566"/><testcase classname="local.lib.python2.7.site-packages.filer.tests.__init__.TestFolderTypePermissionLayerForRegularUser" name="test_add_root_folder_for_site_admins" time="0.190674066544"/><testcase classname="local.lib.python2.7.site-packages.filer.tests.__init__.TestFolderTypePermissionLayerForRegularUser" name="test_change_child_site_folder" time="0.187236070633"/><testcase classname="local.lib.python2.7.site-packages.filer.tests.__init__.TestFolderTypePermissionLayerForRegularUser" name="test_change_core_folder" time="0.133976221085"/><testcase classname="local.lib.python2.7.site-packages.filer.tests.__init__.TestFolderTypePermissionLayerForRegularUser" name="test_change_root_core_folder" time="0.13410115242"/><testcase classname="local.lib.python2.7.site-packages.filer.tests.__init__.TestFolderTypePermissionLayerForRegularUser" name="test_change_root_site_folder" time="0.132995128632"/><testcase classname="local.lib.python2.7.site-packages.filer.tests.__init__.TestFolderTypePermissionLayerForRegularUser" name="test_copy_destination_filters_core_folders" time="0.170265197754"/><testcase classname="local.lib.python2.7.site-packages.filer.tests.__init__.TestFolderTypePermissionLayerForRegularUser" name="test_copy_site_folder_to_core_destination_folder" time="0.162627220154"/><testcase classname="local.lib.python2.7.site-packages.filer.tests.__init__.TestFolderTypePermissionLayerForRegularUser" name="test_default_add_view_is_forbidden" time="0.123715877533"/><testcase classname="local.lib.python2.7.site-packages.filer.tests.__init__.TestFolderTypePermissionLayerForRegularUser" name="test_delete_child_core_folder" time="0.197676897049"/><testcase classname="local.lib.python2.7.site-packages.filer.tests.__init__.TestFolderTypePermissionLayerForRegularUser" name="test_delete_child_site_folder" time="0.209444999695"/><testcase classname="local.lib.python2.7.site-packages.filer.tests.__init__.TestFolderTypePermissionLayerForRegularUser" name="test_delete_root_core_folder" time="0.186488866806"/><testcase classname="local.lib.python2.7.site-packages.filer.tests.__init__.TestFolderTypePermissionLayerForRegularUser" name="test_delete_root_site_folder" time="0.181295871735"/><testcase classname="local.lib.python2.7.site-packages.filer.tests.__init__.TestFolderTypePermissionLayerForRegularUser" name="test_destination_no_site_on_move" time="0.177407026291"/><testcase classname="local.lib.python2.7.site-packages.filer.tests.__init__.TestFolderTypePermissionLayerForRegularUser" name="test_extract_files_in_core_folder" time="0.182848215103"/><testcase classname="local.lib.python2.7.site-packages.filer.tests.__init__.TestFolderTypePermissionLayerForRegularUser" name="test_extract_files_in_site_folder" time="0.232137918472"/><testcase classname="local.lib.python2.7.site-packages.filer.tests.__init__.TestFolderTypePermissionLayerForRegularUser" name="test_extract_in_unfiled_folder" time="0.206280946732"/><testcase classname="local.lib.python2.7.site-packages.filer.tests.__init__.TestFolderTypePermissionLayerForRegularUser" name="test_file_from_core_folder_is_unchangeable" time="0.147675991058"/><testcase classname="local.lib.python2.7.site-packages.filer.tests.__init__.TestFolderTypePermissionLayerForRegularUser" name="test_file_from_site_folder_is_changeable" time="0.155119180679"/><testcase classname="local.lib.python2.7.site-packages.filer.tests.__init__.TestFolderTypePermissionLayerForRegularUser" name="test_message_error_move_root_folder" time="0.180130004883"/><testcase classname="local.lib.python2.7.site-packages.filer.tests.__init__.TestFolderTypePermissionLayerForRegularUser" name="test_message_error_user_no_site_on_move" time="0.131504774094"/><testcase classname="local.lib.python2.7.site-packages.filer.tests.__init__.TestFolderTypePermissionLayerForRegularUser" name="test_message_error_user_no_site_on_move_for_site_admins" time="0.170339822769"/><testcase classname="local.lib.python2.7.site-packages.filer.tests.__init__.TestFolderTypePermissionLayerForRegularUser" name="test_message_error_user_sites_mismatch_on_move" time="0.24495100975"/><testcase classname="local.lib.python2.7.site-packages.filer.tests.__init__.TestFolderTypePermissionLayerForRegularUser" name="test_move_core_folders" time="0.193150043488"/><testcase classname="local.lib.python2.7.site-packages.filer.tests.__init__.TestFolderTypePermissionLayerForRegularUser" name="test_move_destination_filters_core_folders" time="0.183852910995"/><testcase classname="local.lib.python2.7.site-packages.filer.tests.__init__.TestFolderTypePermissionLayerForRegularUser" name="test_move_from_clipboard_to_core_folders" time="0.131051063538"/><testcase classname="local.lib.python2.7.site-packages.filer.tests.__init__.TestFolderTypePermissionLayerForRegularUser" name="test_move_from_clipboard_to_root" time="0.129832029343"/><testcase classname="local.lib.python2.7.site-packages.filer.tests.__init__.TestFolderTypePermissionLayerForRegularUser" name="test_move_from_clipboard_to_site_folders" time="0.139110088348"/><testcase classname="local.lib.python2.7.site-packages.filer.tests.__init__.TestFolderTypePermissionLayerForRegularUser" name="test_move_from_unfiled" time="0.168606042862"/><testcase classname="local.lib.python2.7.site-packages.filer.tests.__init__.TestFolderTypePermissionLayerForRegularUser" name="test_move_site_folder_to_core_destination_folder" time="0.198379993439"/><testcase classname="local.lib.python2.7.site-packages.filer.tests.__init__.TestFolderTypePermissionLayerForRegularUser" name="test_move_to_clipboard_from_core_folders" time="0.247935056686"/><testcase classname="local.lib.python2.7.site-packages.filer.tests.__init__.TestFolderTypePermissionLayerForRegularUser" name="test_move_to_clipboard_from_root" time="0.178500890732"/><testcase classname="local.lib.python2.7.site-packages.filer.tests.__init__.TestFolderTypePermissionLayerForRegularUser" name="test_move_to_clipboard_from_site_folders" time="0.245063781738"/><testcase classname="local.lib.python2.7.site-packages.filer.tests.__init__.TestFolderTypePermissionLayerForRegularUser" name="test_move_to_clipboard_from_site_folders_for_site_admins" time="0.229242086411"/><testcase classname="local.lib.python2.7.site-packages.filer.tests.__init__.TestSiteFolderRoleFiltering" name="test_destination_on_copy_for_multi_site_user" time="0.716021060944"/><testcase classname="local.lib.python2.7.site-packages.filer.tests.__init__.TestSiteFolderRoleFiltering" name="test_destination_on_copy_for_other_users" time="0.701193094254"/><testcase classname="local.lib.python2.7.site-packages.filer.tests.__init__.TestSiteFolderRoleFiltering" name="test_destination_on_copy_for_site_admin" time="0.710741996765"/><testcase classname="local.lib.python2.7.site-packages.filer.tests.__init__.TestSiteFolderRoleFiltering" name="test_destination_on_move_for_multi_site_user" time="0.738186120987"/><testcase classname="local.lib.python2.7.site-packages.filer.tests.__init__.TestSiteFolderRoleFiltering" name="test_destination_on_move_for_other_users" time="0.723595142365"/><testcase classname="local.lib.python2.7.site-packages.filer.tests.__init__.TestSiteFolderRoleFiltering" name="test_destination_on_move_for_site_admin" time="0.714635133743"/><testcase classname="local.lib.python2.7.site-packages.filer.tests.__init__.TestSiteFolderRoleFiltering" name="test_dir_listing_for_other_users" time="0.869590997696"/><testcase classname="local.lib.python2.7.site-packages.filer.tests.__init__.TestSiteFolderRoleFiltering" name="test_dir_listing_for_site_admin" time="0.898363113403"/><testcase classname="local.lib.python2.7.site-packages.filer.tests.__init__.TestSiteFolderRoleFiltering" name="test_on_site_change_filtering" time="0.931537151337"/><testcase classname="local.lib.python2.7.site-packages.filer.tests.__init__.TestSiteFolderRoleFiltering" name="test_search_for_multi_site_user" time="0.747877836227"/><testcase classname="local.lib.python2.7.site-packages.filer.tests.__init__.TestSiteFolderRoleFiltering" name="test_search_for_other_users" time="0.761273145676"/><testcase classname="local.lib.python2.7.site-packages.filer.tests.__init__.TestSiteFolderRoleFiltering" name="test_search_for_site_admin" time="0.786987066269"/><testcase classname="local.lib.python2.7.site-packages.filer.tests.__init__.TestFolderTypeFunctionality" name="test_folder_type_conversion_propagate_changes" time="0.103745937347"/><testcase classname="local.lib.python2.7.site-packages.filer.tests.__init__.TestFolderTypeFunctionality" name="test_folder_validation_works_on_model_and_form" time="0.150553226471"/><testcase classname="local.lib.python2.7.site-packages.filer.tests.__init__.TestFolderTypeFunctionality" name="test_make_folder_view_sets_parent_id_correctly" time="0.13482093811"/><testcase classname="local.lib.python2.7.site-packages.filer.tests.__init__.TestFolderTypeFunctionality" name="test_on_owner_delete_folder_is_not_deleted" time="0.111986875534"/><testcase classname="local.lib.python2.7.site-packages.filer.tests.__init__.TestFolderTypeFunctionality" name="test_on_site_delete_folder_is_not_deleted" time="0.0898938179016"/><testcase classname="local.lib.python2.7.site-packages.filer.tests.__init__.TestFolderTypeFunctionality" name="test_owner_set_by_request_user_on_folder_form" time="0.0991959571838"/><testcase classname="local.lib.python2.7.site-packages.filer.tests.__init__.TestValidationOnFileName" name="test_name_extension_change" time="0.0202250480652"/><testcase classname="local.lib.python2.7.site-packages.filer.tests.__init__.TestValidationOnFileName" name="test_name_with_slash" time="0.00769186019897"/><testcase classname="local.lib.python2.7.site-packages.filer.tests.__init__.TestValidationOnFileName" name="test_name_without_extension" time="0.00790596008301"/><testcase classname="local.lib.python2.7.site-packages.filer.tests.__init__.TestRestrictionFunctionality" name="test_cascade_change_on_parent_restriction" time="0.153566122055"/><testcase classname="local.lib.python2.7.site-packages.filer.tests.__init__.TestRestrictionFunctionality" name="test_make_file_restricted" time="0.0910768508911"/><testcase classname="local.lib.python2.7.site-packages.filer.tests.__init__.TestRestrictionFunctionality" name="test_make_folder_restricted" time="0.0989739894867"/><testcase classname="local.lib.python2.7.site-packages.filer.tests.__init__.TestFrozenAssetsPermissions" name="test_copy_from_restricted" time="0.164070129395"/><testcase classname="local.lib.python2.7.site-packages.filer.tests.__init__.TestFrozenAssetsPermissions" name="test_copy_in_restricted" time="0.176054000854"/><testcase classname="local.lib.python2.7.site-packages.filer.tests.__init__.TestFrozenAssetsPermissions" name="test_delete_from_restricted" time="0.271334171295"/><testcase classname="local.lib.python2.7.site-packages.filer.tests.__init__.TestFrozenAssetsPermissions" name="test_delete_restricted" time="0.144832849503"/><testcase classname="local.lib.python2.7.site-packages.filer.tests.__init__.TestFrozenAssetsPermissions" name="test_extract_in_restricted" time="0.255210876465"/><testcase classname="local.lib.python2.7.site-packages.filer.tests.__init__.TestFrozenAssetsPermissions" name="test_make_subfolder_in_restricted" time="0.124530076981"/><testcase classname="local.lib.python2.7.site-packages.filer.tests.__init__.TestFrozenAssetsPermissions" name="test_move_from_clipboard_in_restricted" time="0.125921964645"/><testcase classname="local.lib.python2.7.site-packages.filer.tests.__init__.TestFrozenAssetsPermissions" name="test_move_from_restricted_to_clipboard" time="0.251703023911"/><testcase classname="local.lib.python2.7.site-packages.filer.tests.__init__.TestFrozenAssetsPermissions" name="test_move_in_restricted" time="0.274317026138"/><testcase classname="local.lib.python2.7.site-packages.filer.tests.__init__.TestFrozenAssetsPermissions" name="test_move_restricted_in_dest" time="0.305881977081"/><testcase classname="local.lib.python2.7.site-packages.filer.tests.__init__.TestFrozenAssetsPermissions" name="test_move_restricted_to_clipboard" time="0.131958007812"/><testcase classname="local.lib.python2.7.site-packages.filer.tests.__init__.TestSharedSitePermissions" name="test_add_in_shared_folder" time="0.1359770298"/><testcase classname="local.lib.python2.7.site-packages.filer.tests.__init__.TestSharedSitePermissions" name="test_change_shared_folder" time="0.142707109451"/><testcase classname="local.lib.python2.7.site-packages.filer.tests.__init__.TestSharedSitePermissions" name="test_delete_shared_folder" time="0.267324209213"/><testcase classname="local.lib.python2.7.site-packages.filer.tests.__init__.TestSharedSitePermissions" name="test_extract_files_shared_folder" time="0.207721948624"/><testcase classname="local.lib.python2.7.site-packages.filer.tests.__init__.TestSharedSitePermissions" name="test_move_from_shared_folder" time="0.200324058533"/><testcase classname="local.lib.python2.7.site-packages.filer.tests.__init__.TestSharedSitePermissions" name="test_move_to_clipboard_from_shared_folder" time="0.214079141617"/><testcase classname="local.lib.python2.7.site-packages.filer.tests.__init__.TestSharedSitePermissions" name="test_move_to_shared_folder" time="0.209696054459"/><testcase classname="local.lib.python2.7.site-packages.filer.tests.__init__.TestSharedSitePermissions" name="test_view_shared_folder" time="0.342365980148"/><testcase classname="local.lib.python2.7.site-packages.filer.tests.__init__.TestSharedFolderFunctionality" name="test_changes_are_propagated_to_all_descendants" time="0.0984888076782"/><testcase classname="local.lib.python2.7.site-packages.filer.tests.__init__.TestSharedFolderFunctionality" name="test_only_root_folders_can_be_shared" time="0.144411087036"/><testcase classname="local.lib.python2.7.site-packages.filer.tests.__init__.TestSharedFolderFunctionality" name="test_shared_sites_are_inherited_on_copy" time="0.224472045898"/><testcase classname="local.lib.python2.7.site-packages.filer.tests.__init__.TestSharedFolderFunctionality" name="test_shared_sites_are_inherited_on_move" time="0.153615951538"/><testcase classname="local.lib.python2.7.site-packages.filer.tests.__init__.TestSharedFolderFunctionality" name="test_subfolder_inherits_from_parent" time="0.175009965897"/><testcase classname="local.lib.python2.7.site-packages.filer.tests.__init__.TestAdminTools" name="test_current_site_filtering" time="0.119467973709"/><testcase classname="local.lib.python2.7.site-packages.filer.tests.__init__.TestAdminTools" name="test_multi_files_perms_for_restricted_descendants" time="0.257058858871"/><testcase classname="local.lib.python2.7.site-packages.filer.tests.__init__.TestAdminTools" name="test_valid_destination" time="0.130197048187"/><testcase classname="local.lib.python2.7.site-packages.filer.tests.__init__.TestMPTTCorruptionsOnFolderOperations" name="test_copy_operation" time="0.24754691124"/><testcase classname="local.lib.python2.7.site-packages.filer.tests.__init__.TestMPTTCorruptionsOnFolderOperations" name="test_extract_zip" time="0.163311958313"/><testcase classname="local.lib.python2.7.site-packages.filer.tests.__init__.TestMPTTCorruptionsOnFolderOperations" name="test_move_operation" time="0.20609498024"/><testcase classname="local.lib.python2.7.site-packages.filer.tests.__init__.TestMPTTCorruptionsOnFolderOperations" name="test_multi_folders_delete_operation" time="0.190761804581"/><testcase classname="local.lib.python2.7.site-packages.filer.tests.__init__.TestMPTTCorruptionsOnFolderOperations" name="test_single_folder_delete_operation" time="0.169989109039"/><testcase classname="local.lib.python2.7.site-packages.filer.tests.__init__.TestImageChangeForm" name="test_image_change_data_only" time="0.117874145508"/><testcase classname="local.lib.python2.7.site-packages.filer.tests.__init__.TestImageChangeForm" name="test_image_change_name_and_data" time="0.114921092987"/><testcase classname="local.lib.python2.7.site-packages.filer.tests.__init__.TestImageChangeForm" name="test_image_change_name_only" time="0.116575956345"/><testcase classname="local.lib.python2.7.site-packages.filer.tests.__init__.TrashAdminTests" name="test_restore_item_view" time="0.169588088989"/><testcase classname="local.lib.python2.7.site-packages.filer.tests.__init__.FieldsTests" name="test_related_name_validation" time="0.000250101089478"/><testcase classname="local.lib.python2.7.site-packages.filer.tests.__init__.FilerApiTests" name="test_bulk_deleting_folder_deletes_all_files_from_filesystem" time="0.134788990021"/><testcase classname="local.lib.python2.7.site-packages.filer.tests.__init__.FilerApiTests" name="test_cdn_urls" time="1.21744680405"><system-err>/home/3pillar.corp/lfeier/workspace/deps-src/django-filer/.tox/pytest/local/lib/python2.7/site-packages/django/db/models/fields/__init__.py:808: RuntimeWarning: DateTimeField received a naive datetime (2014-12-24 04:15:32.502049) while time zone support is active.
  RuntimeWarning)
</system-err></testcase><testcase classname="local.lib.python2.7.site-packages.filer.tests.__init__.FilerApiTests" name="test_cdn_urls_no_timezone_support" time="1.21407294273"/><testcase classname="local.lib.python2.7.site-packages.filer.tests.__init__.FilerApiTests" name="test_create_and_delete_image" time="0.0980670452118"/><testcase classname="local.lib.python2.7.site-packages.filer.tests.__init__.FilerApiTests" name="test_create_clipboard_item" time="0.0969588756561"/><testcase classname="local.lib.python2.7.site-packages.filer.tests.__init__.FilerApiTests" name="test_create_folder_structure" time="0.139951944351"/><testcase classname="local.lib.python2.7.site-packages.filer.tests.__init__.FilerApiTests" name="test_create_icons" time="0.138870000839"/><testcase classname="local.lib.python2.7.site-packages.filer.tests.__init__.FilerApiTests" name="test_credit_text_length_max_size" time="0.0984508991241"/><testcase classname="local.lib.python2.7.site-packages.filer.tests.__init__.FilerApiTests" name="test_deleting_file_does_not_delete_file_from_filesystem_if_other_references_exist" time="0.101552009583"/><testcase classname="local.lib.python2.7.site-packages.filer.tests.__init__.FilerApiTests" name="test_deleting_folder_deletes_all_files_from_filesystem" time="0.10444188118"/><testcase classname="local.lib.python2.7.site-packages.filer.tests.__init__.FilerApiTests" name="test_deleting_image_deletes_file_from_filesystem" time="0.209272146225"/><testcase classname="local.lib.python2.7.site-packages.filer.tests.__init__.FilerApiTests" name="test_file_change_upload_to_destination" time="0.189246892929"/><testcase classname="local.lib.python2.7.site-packages.filer.tests.__init__.FilerApiTests" name="test_file_move_location" time="0.1084420681"/><testcase classname="local.lib.python2.7.site-packages.filer.tests.__init__.FilerApiTests" name="test_file_upload_private_destination" time="0.102727174759"/><testcase classname="local.lib.python2.7.site-packages.filer.tests.__init__.FilerApiTests" name="test_file_upload_public_destination" time="0.0985190868378"/><testcase classname="local.lib.python2.7.site-packages.filer.tests.__init__.FilerApiTests" name="test_folder_rename_updates_file_urls" time="0.102221012115"/><testcase classname="local.lib.python2.7.site-packages.filer.tests.__init__.FilerApiTests" name="test_slash_not_allowed_in_name" time="0.101791858673"/><testcase classname="local.lib.python2.7.site-packages.filer.tests.__init__.FilerApiTests" name="test_upload_image_form" time="0.0985050201416"/><testcase classname="local.lib.python2.7.site-packages.filer.tests.__init__.ArchiveTest" name="test_collision_when_extracting" time="0.41276884079"/><testcase classname="local.lib.python2.7.site-packages.filer.tests.__init__.ArchiveTest" name="test_entries_count" time="0.169495105743"/><testcase classname="local.lib.python2.7.site-packages.filer.tests.__init__.ArchiveTest" name="test_entries_path" time="0.20205116272"/><testcase classname="local.lib.python2.7.site-packages.filer.tests.__init__.ArchiveTest" name="test_folder_quoted_logical_path" time="0.152667045593"/><testcase classname="local.lib.python2.7.site-packages.filer.tests.__init__.ArchiveTest" name="test_folder_quoted_logical_path_with_unicode" time="0.151538848877"/><testcase classname="local.lib.python2.7.site-packages.filer.tests.__init__.TrashableModelTestCase" name="test_file_restore_moves_file_on_storage" time="0.106743812561"/><testcase classname="local.lib.python2.7.site-packages.filer.tests.__init__.TrashableModelTestCase" name="test_file_soft_del_doesnt_remove_file_from_storage_if_other_refs" time="0.0245060920715"/><testcase classname="local.lib.python2.7.site-packages.filer.tests.__init__.TrashableModelTestCase" name="test_file_soft_del_works_if_file_missing_from_storage" time="0.0151410102844"/><testcase classname="local.lib.python2.7.site-packages.filer.tests.__init__.TrashableModelTestCase" name="test_files_deletion_is_soft_by_default" time="0.00831818580627"/><testcase classname="local.lib.python2.7.site-packages.filer.tests.__init__.TrashableModelTestCase" name="test_folder_restore_restores_all_files" time="0.177640914917"/><testcase classname="local.lib.python2.7.site-packages.filer.tests.__init__.TrashableModelTestCase" name="test_folder_save_with_trashed_subfolder" time="0.0203199386597"/><testcase classname="local.lib.python2.7.site-packages.filer.tests.__init__.TrashableModelTestCase" name="test_folders_deletion_is_soft_by_default" time="0.0310499668121"/><testcase classname="local.lib.python2.7.site-packages.filer.tests.__init__.TrashableModelTestCase" name="test_restore_clipboard_file" time="0.0745239257812"/><testcase classname="local.lib.python2.7.site-packages.filer.tests.__init__.TrashableModelTestCase" name="test_restore_clipboard_file_missing_user" time="0.0819339752197"/><testcase classname="local.lib.python2.7.site-packages.filer.tests.__init__.TrashableModelTestCase" name="test_restore_clipboard_file_where_location_not_available" time="0.0892241001129"/><testcase classname="local.lib.python2.7.site-packages.filer.tests.__init__.TrashableModelTestCase" name="test_restore_empty_folder" time="0.0836169719696"/><testcase classname="local.lib.python2.7.site-packages.filer.tests.__init__.TrashableModelTestCase" name="test_restore_file_where_file_location_not_available" time="0.0600578784943"/><testcase classname="local.lib.python2.7.site-packages.filer.tests.__init__.TrashableModelTestCase" name="test_restore_file_where_file_path_location_not_available" time="0.0623619556427"/><testcase classname="local.lib.python2.7.site-packages.filer.tests.__init__.TrashableModelTestCase" name="test_restore_file_with_alive_folder" time="0.0437030792236"/><testcase classname="local.lib.python2.7.site-packages.filer.tests.__init__.TrashableModelTestCase" name="test_restore_file_with_trashed_folder" time="0.0577518939972"/><testcase classname="local.lib.python2.7.site-packages.filer.tests.__init__.TrashableModelTestCase" name="test_restore_folder_at_unavailable_location" time="0.0250468254089"/><testcase classname="local.lib.python2.7.site-packages.filer.tests.__init__.TrashableModelTestCase" name="test_restore_folder_with_duplicated_children" time="0.104711055756"/><testcase classname="local.lib.python2.7.site-packages.filer.tests.__init__.TrashableModelTestCase" name="test_thumbnails_removed_when_source_is_soft_deleted" time="0.210288047791"/><testcase classname="local.lib.python2.7.site-packages.filer.tests.__init__.TrashableModelTestCase" name="test_trashed_files_dont_update_paths_if_tree_changes" time="0.0350549221039"/><testcase classname="local.lib.python2.7.site-packages.filer.tests.__init__.DefaultServerTestCase" name="test_missing_file" time="0.0140919685364"/><testcase classname="local.lib.python2.7.site-packages.filer.tests.__init__.DefaultServerTestCase" name="test_normal" time="0.0163140296936"/><testcase classname="local.lib.python2.7.site-packages.filer.tests.__init__.DefaultServerTestCase" name="test_not_modified" time="0.014181137085"/><testcase classname="local.lib.python2.7.site-packages.filer.tests.__init__.NginxServerTestCase" name="test_missing_file" time="0.0144588947296"/><testcase classname="local.lib.python2.7.site-packages.filer.tests.__init__.NginxServerTestCase" name="test_normal" time="0.0137979984283"/><testcase classname="local.lib.python2.7.site-packages.filer.tests.__init__.XSendfileServerTestCase" name="test_missing_file" time="0.0149629116058"/><testcase classname="local.lib.python2.7.site-packages.filer.tests.__init__.XSendfileServerTestCase" name="test_normal" time="0.0142481327057"/><testcase classname="local.lib.python2.7.site-packages.filer.tests.__init__.ToolsTestCase" name="test_clear_clipboard_works" time="0.102772951126"/><testcase classname="local.lib.python2.7.site-packages.filer.tests.__init__.ToolsTestCase" name="test_delete_clipboard_works" time="0.103559017181"/><testcase classname="local.lib.python2.7.site-packages.filer.tests.__init__.ToolsTestCase" name="test_move_from_clipboard_to_folder_works" time="0.111284017563"/><testcase classname="local.lib.python2.7.site-packages.filer.tests.__init__.ToolsTestCase" name="test_move_to_clipboard_works" time="0.129861831665"/></testsuite>