<?xml version="1.0" encoding="utf-8"?><testsuite errors="0" failures="0" name="pytest" skips="0" tests="198" time="37.159"><testcase classname="local.lib.python2.7.site-packages.filer.tests.__init__.FilerFolderAdminUrlsTests" name="test_filer_app_index_get" time="0.144844055176"><system-out>Creating test database for alias &apos;default&apos;...
</system-out></testcase><testcase classname="local.lib.python2.7.site-packages.filer.tests.__init__.FilerFolderAdminUrlsTests" name="test_filer_directory_listing_root_empty_get" time="0.250496149063"/><testcase classname="local.lib.python2.7.site-packages.filer.tests.__init__.FilerFolderAdminUrlsTests" name="test_filer_directory_listing_root_get" time="0.192431926727"/><testcase classname="local.lib.python2.7.site-packages.filer.tests.__init__.FilerFolderAdminUrlsTests" name="test_filer_make_root_folder_get" time="0.115225076675"/><testcase classname="local.lib.python2.7.site-packages.filer.tests.__init__.FilerFolderAdminUrlsTests" name="test_filer_make_root_folder_post" time="0.122174978256"/><testcase classname="local.lib.python2.7.site-packages.filer.tests.__init__.FilerFolderAdminUrlsTests" name="test_validate_no_duplcate_folders" time="0.15016078949"/><testcase classname="local.lib.python2.7.site-packages.filer.tests.__init__.FilerFolderAdminUrlsTests" name="test_validate_no_duplcate_folders_on_rename" time="0.193184137344"/><testcase classname="local.lib.python2.7.site-packages.filer.tests.__init__.FilerClipboardAdminUrlsTests" name="test_file_upload_no_duplicate_files" time="0.170722961426"/><testcase classname="local.lib.python2.7.site-packages.filer.tests.__init__.FilerClipboardAdminUrlsTests" name="test_filer_ajax_upload_file" time="0.144214868546"/><testcase classname="local.lib.python2.7.site-packages.filer.tests.__init__.FilerClipboardAdminUrlsTests" name="test_filer_upload_file" time="0.147424936295"/><testcase classname="local.lib.python2.7.site-packages.filer.tests.__init__.FilerClipboardAdminUrlsTests" name="test_filer_upload_image_no_extension" time="0.181010007858"/><testcase classname="local.lib.python2.7.site-packages.filer.tests.__init__.FilerClipboardAdminUrlsTests" name="test_paste_from_clipboard_no_duplicate_files" time="0.230451822281"/><testcase classname="local.lib.python2.7.site-packages.filer.tests.__init__.FilerBulkOperationsTests" name="test_copy_files_and_folders_action" time="0.240985155106"/><testcase classname="local.lib.python2.7.site-packages.filer.tests.__init__.FilerBulkOperationsTests" name="test_copy_recursion_error" time="0.276611089706"/><testcase classname="local.lib.python2.7.site-packages.filer.tests.__init__.FilerBulkOperationsTests" name="test_files_set_private_action" time="0.202548027039"/><testcase classname="local.lib.python2.7.site-packages.filer.tests.__init__.FilerBulkOperationsTests" name="test_files_set_public_action" time="0.212229013443"/><testcase classname="local.lib.python2.7.site-packages.filer.tests.__init__.FilerBulkOperationsTests" name="test_move_files_and_folders_action" time="0.270465135574"/><testcase classname="local.lib.python2.7.site-packages.filer.tests.__init__.FilerBulkOperationsTests" name="test_move_to_clipboard_action" time="0.245795965195"/><testcase classname="local.lib.python2.7.site-packages.filer.tests.__init__.FilerBulkOperationsTests" name="test_validate_no_duplicate_folders_on_move" time="0.254064083099"/><testcase classname="local.lib.python2.7.site-packages.filer.tests.__init__.FilerDeleteOperationTests" name="test_delete_files_or_folders_action" time="0.262987136841"/><testcase classname="local.lib.python2.7.site-packages.filer.tests.__init__.FilerDeleteOperationTests" name="test_delete_files_or_folders_action_with_mixed_types" time="0.313757181168"/><testcase classname="local.lib.python2.7.site-packages.filer.tests.__init__.FilerResizeOperationTests" name="test_resize_images_action" time="0.198622941971"/><testcase classname="local.lib.python2.7.site-packages.filer.tests.__init__.TestFolderTypePermissionForSuperUser" name="test_add_core_folder" time="0.106162071228"/><testcase classname="local.lib.python2.7.site-packages.filer.tests.__init__.TestFolderTypePermissionForSuperUser" name="test_add_root_folder" time="0.127934932709"/><testcase classname="local.lib.python2.7.site-packages.filer.tests.__init__.TestFolderTypePermissionForSuperUser" name="test_change_child_site_folder" time="0.139126062393"/><testcase classname="local.lib.python2.7.site-packages.filer.tests.__init__.TestFolderTypePermissionForSuperUser" name="test_change_core_folder" time="0.100823879242"/><testcase classname="local.lib.python2.7.site-packages.filer.tests.__init__.TestFolderTypePermissionForSuperUser" name="test_change_root_core_folder" time="0.100868940353"/><testcase classname="local.lib.python2.7.site-packages.filer.tests.__init__.TestFolderTypePermissionForSuperUser" name="test_change_root_site_folder" time="0.154284954071"/><testcase classname="local.lib.python2.7.site-packages.filer.tests.__init__.TestFolderTypePermissionForSuperUser" name="test_copy_site_folder_to_core_destination_folder" time="0.110867023468"/><testcase classname="local.lib.python2.7.site-packages.filer.tests.__init__.TestFolderTypePermissionForSuperUser" name="test_default_add_view_is_forbidden" time="0.092521905899"/><testcase classname="local.lib.python2.7.site-packages.filer.tests.__init__.TestFolderTypePermissionForSuperUser" name="test_delete_child_core_folder" time="0.157945871353"/><testcase classname="local.lib.python2.7.site-packages.filer.tests.__init__.TestFolderTypePermissionForSuperUser" name="test_delete_child_site_folder" time="0.142883062363"/><testcase classname="local.lib.python2.7.site-packages.filer.tests.__init__.TestFolderTypePermissionForSuperUser" name="test_delete_root_core_folder" time="0.109559059143"/><testcase classname="local.lib.python2.7.site-packages.filer.tests.__init__.TestFolderTypePermissionForSuperUser" name="test_delete_root_site_folder" time="0.125988006592"/><testcase classname="local.lib.python2.7.site-packages.filer.tests.__init__.TestFolderTypePermissionForSuperUser" name="test_destination_no_site_on_move" time="0.119917869568"/><testcase classname="local.lib.python2.7.site-packages.filer.tests.__init__.TestFolderTypePermissionForSuperUser" name="test_extract_files_in_core_folder" time="0.151955127716"/><testcase classname="local.lib.python2.7.site-packages.filer.tests.__init__.TestFolderTypePermissionForSuperUser" name="test_extract_files_in_site_folder" time="0.165823936462"/><testcase classname="local.lib.python2.7.site-packages.filer.tests.__init__.TestFolderTypePermissionForSuperUser" name="test_extract_in_unfiled_folder" time="0.139295101166"/><testcase classname="local.lib.python2.7.site-packages.filer.tests.__init__.TestFolderTypePermissionForSuperUser" name="test_file_from_core_folder_is_unchangeable" time="0.116485834122"/><testcase classname="local.lib.python2.7.site-packages.filer.tests.__init__.TestFolderTypePermissionForSuperUser" name="test_file_from_site_folder_is_changeable" time="0.121614933014"/><testcase classname="local.lib.python2.7.site-packages.filer.tests.__init__.TestFolderTypePermissionForSuperUser" name="test_folder_destination_filtering" time="0.121921777725"/><testcase classname="local.lib.python2.7.site-packages.filer.tests.__init__.TestFolderTypePermissionForSuperUser" name="test_message_error_move_root_folder" time="0.184158802032"/><testcase classname="local.lib.python2.7.site-packages.filer.tests.__init__.TestFolderTypePermissionForSuperUser" name="test_message_error_user_no_site_on_move" time="0.168876171112"/><testcase classname="local.lib.python2.7.site-packages.filer.tests.__init__.TestFolderTypePermissionForSuperUser" name="test_message_error_user_sites_mismatch_on_move" time="0.177580118179"/><testcase classname="local.lib.python2.7.site-packages.filer.tests.__init__.TestFolderTypePermissionForSuperUser" name="test_move_core_folders" time="0.156188011169"/><testcase classname="local.lib.python2.7.site-packages.filer.tests.__init__.TestFolderTypePermissionForSuperUser" name="test_move_from_clipboard_to_core_folders" time="0.100276947021"/><testcase classname="local.lib.python2.7.site-packages.filer.tests.__init__.TestFolderTypePermissionForSuperUser" name="test_move_from_clipboard_to_root" time="0.10076713562"/><testcase classname="local.lib.python2.7.site-packages.filer.tests.__init__.TestFolderTypePermissionForSuperUser" name="test_move_from_clipboard_to_site_folders" time="0.108393907547"/><testcase classname="local.lib.python2.7.site-packages.filer.tests.__init__.TestFolderTypePermissionForSuperUser" name="test_move_from_unfiled" time="0.115097045898"/><testcase classname="local.lib.python2.7.site-packages.filer.tests.__init__.TestFolderTypePermissionForSuperUser" name="test_move_site_folder_to_core_destination_folder" time="0.131047010422"/><testcase classname="local.lib.python2.7.site-packages.filer.tests.__init__.TestFolderTypePermissionForSuperUser" name="test_move_to_clipboard_from_core_folders" time="0.161113977432"/><testcase classname="local.lib.python2.7.site-packages.filer.tests.__init__.TestFolderTypePermissionForSuperUser" name="test_move_to_clipboard_from_root" time="0.130426883698"/><testcase classname="local.lib.python2.7.site-packages.filer.tests.__init__.TestFolderTypePermissionForSuperUser" name="test_move_to_clipboard_from_site_folders" time="0.151993989944"/><testcase classname="local.lib.python2.7.site-packages.filer.tests.__init__.TestFolderTypePermissionLayerForRegularUser" name="test_add_core_folder" time="0.13099694252"/><testcase classname="local.lib.python2.7.site-packages.filer.tests.__init__.TestFolderTypePermissionLayerForRegularUser" name="test_add_root_folder" time="0.126498937607"/><testcase classname="local.lib.python2.7.site-packages.filer.tests.__init__.TestFolderTypePermissionLayerForRegularUser" name="test_add_root_folder_for_site_admins" time="0.183733940125"/><testcase classname="local.lib.python2.7.site-packages.filer.tests.__init__.TestFolderTypePermissionLayerForRegularUser" name="test_change_child_site_folder" time="0.184334039688"/><testcase classname="local.lib.python2.7.site-packages.filer.tests.__init__.TestFolderTypePermissionLayerForRegularUser" name="test_change_core_folder" time="0.131578922272"/><testcase classname="local.lib.python2.7.site-packages.filer.tests.__init__.TestFolderTypePermissionLayerForRegularUser" name="test_change_root_core_folder" time="0.127085924149"/><testcase classname="local.lib.python2.7.site-packages.filer.tests.__init__.TestFolderTypePermissionLayerForRegularUser" name="test_change_root_site_folder" time="0.137635946274"/><testcase classname="local.lib.python2.7.site-packages.filer.tests.__init__.TestFolderTypePermissionLayerForRegularUser" name="test_copy_site_folder_to_core_destination_folder" time="0.148278951645"/><testcase classname="local.lib.python2.7.site-packages.filer.tests.__init__.TestFolderTypePermissionLayerForRegularUser" name="test_default_add_view_is_forbidden" time="0.119915008545"/><testcase classname="local.lib.python2.7.site-packages.filer.tests.__init__.TestFolderTypePermissionLayerForRegularUser" name="test_delete_child_core_folder" time="0.193504095078"/><testcase classname="local.lib.python2.7.site-packages.filer.tests.__init__.TestFolderTypePermissionLayerForRegularUser" name="test_delete_child_site_folder" time="0.201106071472"/><testcase classname="local.lib.python2.7.site-packages.filer.tests.__init__.TestFolderTypePermissionLayerForRegularUser" name="test_delete_root_core_folder" time="0.18280005455"/><testcase classname="local.lib.python2.7.site-packages.filer.tests.__init__.TestFolderTypePermissionLayerForRegularUser" name="test_delete_root_site_folder" time="0.177769184113"/><testcase classname="local.lib.python2.7.site-packages.filer.tests.__init__.TestFolderTypePermissionLayerForRegularUser" name="test_destination_no_site_on_move" time="0.172605991364"/><testcase classname="local.lib.python2.7.site-packages.filer.tests.__init__.TestFolderTypePermissionLayerForRegularUser" name="test_extract_files_in_core_folder" time="0.179123878479"/><testcase classname="local.lib.python2.7.site-packages.filer.tests.__init__.TestFolderTypePermissionLayerForRegularUser" name="test_extract_files_in_site_folder" time="0.224457979202"/><testcase classname="local.lib.python2.7.site-packages.filer.tests.__init__.TestFolderTypePermissionLayerForRegularUser" name="test_extract_in_unfiled_folder" time="0.171016931534"/><testcase classname="local.lib.python2.7.site-packages.filer.tests.__init__.TestFolderTypePermissionLayerForRegularUser" name="test_file_from_core_folder_is_unchangeable" time="0.177060127258"/><testcase classname="local.lib.python2.7.site-packages.filer.tests.__init__.TestFolderTypePermissionLayerForRegularUser" name="test_file_from_site_folder_is_changeable" time="0.149980068207"/><testcase classname="local.lib.python2.7.site-packages.filer.tests.__init__.TestFolderTypePermissionLayerForRegularUser" name="test_folder_destination_filtering" time="0.170369148254"/><testcase classname="local.lib.python2.7.site-packages.filer.tests.__init__.TestFolderTypePermissionLayerForRegularUser" name="test_message_error_move_root_folder" time="0.179772138596"/><testcase classname="local.lib.python2.7.site-packages.filer.tests.__init__.TestFolderTypePermissionLayerForRegularUser" name="test_message_error_user_no_site_on_move" time="0.129017114639"/><testcase classname="local.lib.python2.7.site-packages.filer.tests.__init__.TestFolderTypePermissionLayerForRegularUser" name="test_message_error_user_no_site_on_move_for_site_admins" time="0.168498039246"/><testcase classname="local.lib.python2.7.site-packages.filer.tests.__init__.TestFolderTypePermissionLayerForRegularUser" name="test_message_error_user_sites_mismatch_on_move" time="0.234200000763"/><testcase classname="local.lib.python2.7.site-packages.filer.tests.__init__.TestFolderTypePermissionLayerForRegularUser" name="test_move_core_folders" time="0.188380002975"/><testcase classname="local.lib.python2.7.site-packages.filer.tests.__init__.TestFolderTypePermissionLayerForRegularUser" name="test_move_from_clipboard_to_core_folders" time="0.133196115494"/><testcase classname="local.lib.python2.7.site-packages.filer.tests.__init__.TestFolderTypePermissionLayerForRegularUser" name="test_move_from_clipboard_to_root" time="0.128721952438"/><testcase classname="local.lib.python2.7.site-packages.filer.tests.__init__.TestFolderTypePermissionLayerForRegularUser" name="test_move_from_clipboard_to_site_folders" time="0.137932062149"/><testcase classname="local.lib.python2.7.site-packages.filer.tests.__init__.TestFolderTypePermissionLayerForRegularUser" name="test_move_from_unfiled" time="0.159268140793"/><testcase classname="local.lib.python2.7.site-packages.filer.tests.__init__.TestFolderTypePermissionLayerForRegularUser" name="test_move_site_folder_to_core_destination_folder" time="0.179665803909"/><testcase classname="local.lib.python2.7.site-packages.filer.tests.__init__.TestFolderTypePermissionLayerForRegularUser" name="test_move_to_clipboard_from_core_folders" time="0.241772890091"/><testcase classname="local.lib.python2.7.site-packages.filer.tests.__init__.TestFolderTypePermissionLayerForRegularUser" name="test_move_to_clipboard_from_root" time="0.172115802765"/><testcase classname="local.lib.python2.7.site-packages.filer.tests.__init__.TestFolderTypePermissionLayerForRegularUser" name="test_move_to_clipboard_from_site_folders" time="0.246703863144"/><testcase classname="local.lib.python2.7.site-packages.filer.tests.__init__.TestFolderTypePermissionLayerForRegularUser" name="test_move_to_clipboard_from_site_folders_for_site_admins" time="0.221581935883"/><testcase classname="local.lib.python2.7.site-packages.filer.tests.__init__.TestSiteFolderRoleFiltering" name="test_destination_filtering_for_multi_site_user" time="0.722701787949"/><testcase classname="local.lib.python2.7.site-packages.filer.tests.__init__.TestSiteFolderRoleFiltering" name="test_destination_filtering_for_other_users" time="0.75034403801"/><testcase classname="local.lib.python2.7.site-packages.filer.tests.__init__.TestSiteFolderRoleFiltering" name="test_destination_filtering_for_site_admin" time="0.725215911865"/><testcase classname="local.lib.python2.7.site-packages.filer.tests.__init__.TestSiteFolderRoleFiltering" name="test_dir_listing_for_other_users" time="0.849795103073"/><testcase classname="local.lib.python2.7.site-packages.filer.tests.__init__.TestSiteFolderRoleFiltering" name="test_dir_listing_for_site_admin" time="0.926800012589"/><testcase classname="local.lib.python2.7.site-packages.filer.tests.__init__.TestSiteFolderRoleFiltering" name="test_on_site_change_filtering" time="0.934393167496"/><testcase classname="local.lib.python2.7.site-packages.filer.tests.__init__.TestSiteFolderRoleFiltering" name="test_search_for_multi_site_user" time="0.75345993042"/><testcase classname="local.lib.python2.7.site-packages.filer.tests.__init__.TestSiteFolderRoleFiltering" name="test_search_for_other_users" time="0.771848917007"/><testcase classname="local.lib.python2.7.site-packages.filer.tests.__init__.TestSiteFolderRoleFiltering" name="test_search_for_site_admin" time="0.758283138275"/><testcase classname="local.lib.python2.7.site-packages.filer.tests.__init__.TestFolderTypeFunctionality" name="test_folder_type_conversion_propagate_changes" time="0.0974149703979"/><testcase classname="local.lib.python2.7.site-packages.filer.tests.__init__.TestFolderTypeFunctionality" name="test_folder_validation_works_on_model_and_form" time="0.147284984589"/><testcase classname="local.lib.python2.7.site-packages.filer.tests.__init__.TestFolderTypeFunctionality" name="test_make_folder_view_sets_parent_id_correctly" time="0.137515068054"/><testcase classname="local.lib.python2.7.site-packages.filer.tests.__init__.TestFolderTypeFunctionality" name="test_on_owner_delete_folder_is_not_deleted" time="0.109145879745"/><testcase classname="local.lib.python2.7.site-packages.filer.tests.__init__.TestFolderTypeFunctionality" name="test_on_site_delete_folder_is_not_deleted" time="0.0894060134888"/><testcase classname="local.lib.python2.7.site-packages.filer.tests.__init__.TestFolderTypeFunctionality" name="test_owner_set_by_request_user_on_folder_form" time="0.0967199802399"/><testcase classname="local.lib.python2.7.site-packages.filer.tests.__init__.TestValidationOnFileName" name="test_name_extension_change" time="0.017646074295"/><testcase classname="local.lib.python2.7.site-packages.filer.tests.__init__.TestValidationOnFileName" name="test_name_with_slash" time="0.00718092918396"/><testcase classname="local.lib.python2.7.site-packages.filer.tests.__init__.TestValidationOnFileName" name="test_name_without_extension" time="0.00774312019348"/><testcase classname="local.lib.python2.7.site-packages.filer.tests.__init__.TestRestrictionFunctionality" name="test_cascade_change_on_parent_restriction" time="0.145658016205"/><testcase classname="local.lib.python2.7.site-packages.filer.tests.__init__.TestRestrictionFunctionality" name="test_make_file_restricted" time="0.0907809734344"/><testcase classname="local.lib.python2.7.site-packages.filer.tests.__init__.TestRestrictionFunctionality" name="test_make_folder_restricted" time="0.0978348255157"/><testcase classname="local.lib.python2.7.site-packages.filer.tests.__init__.TestFrozenAssetsPermissions" name="test_copy_from_restricted" time="0.14857506752"/><testcase classname="local.lib.python2.7.site-packages.filer.tests.__init__.TestFrozenAssetsPermissions" name="test_copy_in_restricted" time="0.159687995911"/><testcase classname="local.lib.python2.7.site-packages.filer.tests.__init__.TestFrozenAssetsPermissions" name="test_delete_from_restricted" time="0.268786907196"/><testcase classname="local.lib.python2.7.site-packages.filer.tests.__init__.TestFrozenAssetsPermissions" name="test_delete_restricted" time="0.139528989792"/><testcase classname="local.lib.python2.7.site-packages.filer.tests.__init__.TestFrozenAssetsPermissions" name="test_extract_in_restricted" time="0.211930990219"/><testcase classname="local.lib.python2.7.site-packages.filer.tests.__init__.TestFrozenAssetsPermissions" name="test_make_subfolder_in_restricted" time="0.121737957001"/><testcase classname="local.lib.python2.7.site-packages.filer.tests.__init__.TestFrozenAssetsPermissions" name="test_move_from_clipboard_in_restricted" time="0.119775056839"/><testcase classname="local.lib.python2.7.site-packages.filer.tests.__init__.TestFrozenAssetsPermissions" name="test_move_from_restricted_to_clipboard" time="0.238713026047"/><testcase classname="local.lib.python2.7.site-packages.filer.tests.__init__.TestFrozenAssetsPermissions" name="test_move_in_restricted" time="0.243146896362"/><testcase classname="local.lib.python2.7.site-packages.filer.tests.__init__.TestFrozenAssetsPermissions" name="test_move_restricted_in_dest" time="0.328241825104"/><testcase classname="local.lib.python2.7.site-packages.filer.tests.__init__.TestFrozenAssetsPermissions" name="test_move_restricted_to_clipboard" time="0.12917804718"/><testcase classname="local.lib.python2.7.site-packages.filer.tests.__init__.TestSharedSitePermissions" name="test_add_in_shared_folder" time="0.131130933762"/><testcase classname="local.lib.python2.7.site-packages.filer.tests.__init__.TestSharedSitePermissions" name="test_change_shared_folder" time="0.138043880463"/><testcase classname="local.lib.python2.7.site-packages.filer.tests.__init__.TestSharedSitePermissions" name="test_delete_shared_folder" time="0.269234895706"/><testcase classname="local.lib.python2.7.site-packages.filer.tests.__init__.TestSharedSitePermissions" name="test_extract_files_shared_folder" time="0.193336009979"/><testcase classname="local.lib.python2.7.site-packages.filer.tests.__init__.TestSharedSitePermissions" name="test_move_from_shared_folder" time="0.187544107437"/><testcase classname="local.lib.python2.7.site-packages.filer.tests.__init__.TestSharedSitePermissions" name="test_move_to_clipboard_from_shared_folder" time="0.206865787506"/><testcase classname="local.lib.python2.7.site-packages.filer.tests.__init__.TestSharedSitePermissions" name="test_move_to_shared_folder" time="0.190207004547"/><testcase classname="local.lib.python2.7.site-packages.filer.tests.__init__.TestSharedSitePermissions" name="test_view_shared_folder" time="0.325682878494"/><testcase classname="local.lib.python2.7.site-packages.filer.tests.__init__.TestSharedFolderFunctionality" name="test_changes_are_propagated_to_all_descendants" time="0.0997180938721"/><testcase classname="local.lib.python2.7.site-packages.filer.tests.__init__.TestSharedFolderFunctionality" name="test_only_root_folders_can_be_shared" time="0.137112855911"/><testcase classname="local.lib.python2.7.site-packages.filer.tests.__init__.TestSharedFolderFunctionality" name="test_shared_sites_are_inherited_on_copy" time="0.208785057068"/><testcase classname="local.lib.python2.7.site-packages.filer.tests.__init__.TestSharedFolderFunctionality" name="test_shared_sites_are_inherited_on_move" time="0.148216962814"/><testcase classname="local.lib.python2.7.site-packages.filer.tests.__init__.TestSharedFolderFunctionality" name="test_subfolder_inherits_from_parent" time="0.136291980743"/><testcase classname="local.lib.python2.7.site-packages.filer.tests.__init__.TestAdminTools" name="test_current_site_filtering" time="0.120788097382"/><testcase classname="local.lib.python2.7.site-packages.filer.tests.__init__.TestAdminTools" name="test_multi_files_perms_for_restricted_descendants" time="0.261168003082"/><testcase classname="local.lib.python2.7.site-packages.filer.tests.__init__.TestAdminTools" name="test_valid_destination" time="0.132974147797"/><testcase classname="local.lib.python2.7.site-packages.filer.tests.__init__.TestMPTTCorruptionsOnFolderOperations" name="test_copy_operation" time="0.239254951477"/><testcase classname="local.lib.python2.7.site-packages.filer.tests.__init__.TestMPTTCorruptionsOnFolderOperations" name="test_extract_zip" time="0.16283416748"/><testcase classname="local.lib.python2.7.site-packages.filer.tests.__init__.TestMPTTCorruptionsOnFolderOperations" name="test_move_operation" time="0.20526599884"/><testcase classname="local.lib.python2.7.site-packages.filer.tests.__init__.TestMPTTCorruptionsOnFolderOperations" name="test_multi_folders_delete_operation" time="0.19337105751"/><testcase classname="local.lib.python2.7.site-packages.filer.tests.__init__.TestMPTTCorruptionsOnFolderOperations" name="test_single_folder_delete_operation" time="0.180068969727"/><testcase classname="local.lib.python2.7.site-packages.filer.tests.__init__.TestImageChangeForm" name="test_image_change_data_only" time="0.119359016418"/><testcase classname="local.lib.python2.7.site-packages.filer.tests.__init__.TestImageChangeForm" name="test_image_change_name_and_data" time="0.112744092941"/><testcase classname="local.lib.python2.7.site-packages.filer.tests.__init__.TestImageChangeForm" name="test_image_change_name_only" time="0.11603307724"/><testcase classname="local.lib.python2.7.site-packages.filer.tests.__init__.TrashAdminTests" name="test_restore_item_view" time="0.170667171478"/><testcase classname="local.lib.python2.7.site-packages.filer.tests.__init__.FieldsTests" name="test_related_name_validation" time="0.000223159790039"/><testcase classname="local.lib.python2.7.site-packages.filer.tests.__init__.FilerApiTests" name="test_bulk_deleting_folder_deletes_all_files_from_filesystem" time="0.134831905365"/><testcase classname="local.lib.python2.7.site-packages.filer.tests.__init__.FilerApiTests" name="test_cdn_urls" time="1.21919608116"><system-err>/home/3pillar.corp/lfeier/workspace/deps-src/django-filer/.tox/pytest/local/lib/python2.7/site-packages/django/db/models/fields/__init__.py:808: RuntimeWarning: DateTimeField received a naive datetime (2014-10-17 06:21:24.257361) while time zone support is active.
  RuntimeWarning)
</system-err></testcase><testcase classname="local.lib.python2.7.site-packages.filer.tests.__init__.FilerApiTests" name="test_cdn_urls_no_timezone_support" time="1.23324584961"/><testcase classname="local.lib.python2.7.site-packages.filer.tests.__init__.FilerApiTests" name="test_create_and_delete_image" time="0.100643157959"/><testcase classname="local.lib.python2.7.site-packages.filer.tests.__init__.FilerApiTests" name="test_create_clipboard_item" time="0.11269903183"/><testcase classname="local.lib.python2.7.site-packages.filer.tests.__init__.FilerApiTests" name="test_create_folder_structure" time="0.14568901062"/><testcase classname="local.lib.python2.7.site-packages.filer.tests.__init__.FilerApiTests" name="test_create_icons" time="0.139031887054"/><testcase classname="local.lib.python2.7.site-packages.filer.tests.__init__.FilerApiTests" name="test_credit_text_length_max_size" time="0.0972409248352"/><testcase classname="local.lib.python2.7.site-packages.filer.tests.__init__.FilerApiTests" name="test_deleting_file_does_not_delete_file_from_filesystem_if_other_references_exist" time="0.103534221649"/><testcase classname="local.lib.python2.7.site-packages.filer.tests.__init__.FilerApiTests" name="test_deleting_folder_deletes_all_files_from_filesystem" time="0.10337805748"/><testcase classname="local.lib.python2.7.site-packages.filer.tests.__init__.FilerApiTests" name="test_deleting_image_deletes_file_from_filesystem" time="0.204862833023"/><testcase classname="local.lib.python2.7.site-packages.filer.tests.__init__.FilerApiTests" name="test_file_change_upload_to_destination" time="0.184900999069"/><testcase classname="local.lib.python2.7.site-packages.filer.tests.__init__.FilerApiTests" name="test_file_move_location" time="0.112380027771"/><testcase classname="local.lib.python2.7.site-packages.filer.tests.__init__.FilerApiTests" name="test_file_upload_private_destination" time="0.109447002411"/><testcase classname="local.lib.python2.7.site-packages.filer.tests.__init__.FilerApiTests" name="test_file_upload_public_destination" time="0.0977308750153"/><testcase classname="local.lib.python2.7.site-packages.filer.tests.__init__.FilerApiTests" name="test_folder_rename_updates_file_urls" time="0.101784944534"/><testcase classname="local.lib.python2.7.site-packages.filer.tests.__init__.FilerApiTests" name="test_slash_not_allowed_in_name" time="0.124320983887"/><testcase classname="local.lib.python2.7.site-packages.filer.tests.__init__.FilerApiTests" name="test_upload_image_form" time="0.0997109413147"/><testcase classname="local.lib.python2.7.site-packages.filer.tests.__init__.ArchiveTest" name="test_collision_when_extracting" time="0.416411161423"/><testcase classname="local.lib.python2.7.site-packages.filer.tests.__init__.ArchiveTest" name="test_entries_count" time="0.175724029541"/><testcase classname="local.lib.python2.7.site-packages.filer.tests.__init__.ArchiveTest" name="test_entries_path" time="0.198211193085"/><testcase classname="local.lib.python2.7.site-packages.filer.tests.__init__.ArchiveTest" name="test_folder_quoted_logical_path" time="0.150933980942"/><testcase classname="local.lib.python2.7.site-packages.filer.tests.__init__.ArchiveTest" name="test_folder_quoted_logical_path_with_unicode" time="0.154581069946"/><testcase classname="local.lib.python2.7.site-packages.filer.tests.__init__.TrashableModelTestCase" name="test_file_restore_moves_file_on_storage" time="0.107657909393"/><testcase classname="local.lib.python2.7.site-packages.filer.tests.__init__.TrashableModelTestCase" name="test_file_soft_del_doesnt_remove_file_from_storage_if_other_refs" time="0.0267059803009"/><testcase classname="local.lib.python2.7.site-packages.filer.tests.__init__.TrashableModelTestCase" name="test_file_soft_del_works_if_file_missing_from_storage" time="0.0142140388489"/><testcase classname="local.lib.python2.7.site-packages.filer.tests.__init__.TrashableModelTestCase" name="test_files_deletion_is_soft_by_default" time="0.0448360443115"/><testcase classname="local.lib.python2.7.site-packages.filer.tests.__init__.TrashableModelTestCase" name="test_folder_restore_restores_all_files" time="0.173877954483"/><testcase classname="local.lib.python2.7.site-packages.filer.tests.__init__.TrashableModelTestCase" name="test_folder_save_with_trashed_subfolder" time="0.020828962326"/><testcase classname="local.lib.python2.7.site-packages.filer.tests.__init__.TrashableModelTestCase" name="test_folders_deletion_is_soft_by_default" time="0.0297288894653"/><testcase classname="local.lib.python2.7.site-packages.filer.tests.__init__.TrashableModelTestCase" name="test_restore_clipboard_file" time="0.072998046875"/><testcase classname="local.lib.python2.7.site-packages.filer.tests.__init__.TrashableModelTestCase" name="test_restore_clipboard_file_missing_user" time="0.084734916687"/><testcase classname="local.lib.python2.7.site-packages.filer.tests.__init__.TrashableModelTestCase" name="test_restore_clipboard_file_where_location_not_available" time="0.0923581123352"/><testcase classname="local.lib.python2.7.site-packages.filer.tests.__init__.TrashableModelTestCase" name="test_restore_empty_folder" time="0.0849130153656"/><testcase classname="local.lib.python2.7.site-packages.filer.tests.__init__.TrashableModelTestCase" name="test_restore_file_where_file_location_not_available" time="0.0596799850464"/><testcase classname="local.lib.python2.7.site-packages.filer.tests.__init__.TrashableModelTestCase" name="test_restore_file_where_file_path_location_not_available" time="0.0615479946136"/><testcase classname="local.lib.python2.7.site-packages.filer.tests.__init__.TrashableModelTestCase" name="test_restore_file_with_alive_folder" time="0.0443789958954"/><testcase classname="local.lib.python2.7.site-packages.filer.tests.__init__.TrashableModelTestCase" name="test_restore_file_with_trashed_folder" time="0.0592429637909"/><testcase classname="local.lib.python2.7.site-packages.filer.tests.__init__.TrashableModelTestCase" name="test_restore_folder_at_unavailable_location" time="0.0253369808197"/><testcase classname="local.lib.python2.7.site-packages.filer.tests.__init__.TrashableModelTestCase" name="test_restore_folder_with_duplicated_children" time="0.104355096817"/><testcase classname="local.lib.python2.7.site-packages.filer.tests.__init__.TrashableModelTestCase" name="test_thumbnails_removed_when_source_is_soft_deleted" time="0.211590051651"/><testcase classname="local.lib.python2.7.site-packages.filer.tests.__init__.TrashableModelTestCase" name="test_trashed_files_dont_update_paths_if_tree_changes" time="0.0340628623962"/><testcase classname="local.lib.python2.7.site-packages.filer.tests.__init__.DefaultServerTestCase" name="test_missing_file" time="0.0143489837646"/><testcase classname="local.lib.python2.7.site-packages.filer.tests.__init__.DefaultServerTestCase" name="test_normal" time="0.0154521465302"/><testcase classname="local.lib.python2.7.site-packages.filer.tests.__init__.DefaultServerTestCase" name="test_not_modified" time="0.0136890411377"/><testcase classname="local.lib.python2.7.site-packages.filer.tests.__init__.NginxServerTestCase" name="test_missing_file" time="0.0146100521088"/><testcase classname="local.lib.python2.7.site-packages.filer.tests.__init__.NginxServerTestCase" name="test_normal" time="0.0140471458435"/><testcase classname="local.lib.python2.7.site-packages.filer.tests.__init__.XSendfileServerTestCase" name="test_missing_file" time="0.0148110389709"/><testcase classname="local.lib.python2.7.site-packages.filer.tests.__init__.XSendfileServerTestCase" name="test_normal" time="0.013463973999"/><testcase classname="local.lib.python2.7.site-packages.filer.tests.__init__.ToolsTestCase" name="test_clear_clipboard_works" time="0.0997381210327"/><testcase classname="local.lib.python2.7.site-packages.filer.tests.__init__.ToolsTestCase" name="test_delete_clipboard_works" time="0.100649118423"/><testcase classname="local.lib.python2.7.site-packages.filer.tests.__init__.ToolsTestCase" name="test_move_from_clipboard_to_folder_works" time="0.117928981781"/><testcase classname="local.lib.python2.7.site-packages.filer.tests.__init__.ToolsTestCase" name="test_move_to_clipboard_works" time="0.12816619873"/></testsuite>